{"level":"warning","message":"127.0.0.1 - there's no place like home"}
{"level":"error","message":"127.0.0.1 - there's no place like home"}
{"level":"warning","message":"127.0.0.1 - there's no place like home"}
{"level":"error","message":"127.0.0.1 - there's no place like home"}
{"level":"error","message":"GET en /public/css/styles.css - function toLocaleTimeString() { [native code] }"}
{"level":"warning","message":"127.0.0.1 - there's no place like home"}
{"level":"error","message":"127.0.0.1 - there's no place like home"}
{"level":"error","message":"GET en /public/css/styles.css - function toLocaleTimeString() { [native code] }"}
{"level":"error","message":"GET en /public/css/styles.css - function toLocaleTimeString() { [native code] }"}
{"level":"warning","message":"127.0.0.1 - there's no place like home"}
{"level":"error","message":"127.0.0.1 - there's no place like home"}
{"level":"error","message":"GET en /public/css/styles.css - function toLocaleTimeString() { [native code] }"}
{"level":"error","message":"GET en /public/css/styles.css - function toLocaleTimeString() { [native code] }"}
{"level":"error","message":"GET en /public/css/styles.css - function toLocaleTimeString() { [native code] }"}
{"level":"warning","message":"127.0.0.1 - there's no place like home"}
{"level":"error","message":"127.0.0.1 - there's no place like home"}
{"level":"error","message":"GET en /public/css/styles.css - function toLocaleTimeString() { [native code] }"}
{"level":"error","message":"GET en /public/css/styles.css - function toLocaleTimeString() { [native code] }"}
{"level":"warning","message":"127.0.0.1 - there's no place like home"}
{"level":"error","message":"127.0.0.1 - there's no place like home"}
{"level":"error","message":"GET en /public/css/styles.css - function toLocaleTimeString() { [native code] }"}
{"level":"error","message":"GET en /public/css/styles.css - function toLocaleTimeString() { [native code] }"}
{"level":"warning","message":"127.0.0.1 - there's no place like home"}
{"level":"error","message":"127.0.0.1 - there's no place like home"}
{"level":"error","message":"GET en /public/css/styles.css - function toLocaleTimeString() { [native code] }"}
{"level":"error","message":"GET en /public/css/styles.css - function toLocaleTimeString() { [native code] }"}
{"level":"error","message":"GET en /public/css/styles.css - function toLocaleTimeString() { [native code] }"}
{"level":"warning","message":"127.0.0.1 - there's no place like home"}
{"level":"error","message":"127.0.0.1 - there's no place like home"}
{"level":"error","message":"GET en /public/css/styles.css - function toLocaleTimeString() { [native code] }"}
{"level":"error","message":"GET en /favicon.ico - function toLocaleTimeString() { [native code] }"}
{"level":"error","message":"GET en /public/css/styles.css - function toLocaleTimeString() { [native code] }"}
{"level":"warning","message":"127.0.0.1 - there's no place like home"}
{"level":"error","message":"127.0.0.1 - there's no place like home"}
{"level":"error","message":"GET en /public/css/styles.css - function toLocaleTimeString() { [native code] }"}
{"level":"error","message":"GET en /favicon.ico - function toLocaleTimeString() { [native code] }"}
{"level":"error","message":"GET en /public/css/styles.css - function toLocaleTimeString() { [native code] }"}
{"level":"error","message":"GET en /public/css/styles.css - function toLocaleTimeString() { [native code] }"}
{"level":"warning","message":"127.0.0.1 - there's no place like home"}
{"level":"error","message":"127.0.0.1 - there's no place like home"}
{"level":"error","message":"GET en /public/css/styles.css - function toLocaleTimeString() { [native code] }"}
{"level":"error","message":"GET en /public/css/styles.css - function toLocaleTimeString() { [native code] }"}
{"level":"error","message":"GET en /public/css/styles.css - function toLocaleTimeString() { [native code] }"}
{"level":"error","message":"GET en /public/css/styles.css - function toLocaleTimeString() { [native code] }"}
{"level":"error","message":"GET en /public/css/styles.css - function toLocaleTimeString() { [native code] }"}
{"level":"error","message":"GET en /public/css/styles.css - function toLocaleTimeString() { [native code] }"}
{"level":"error","message":"GET en /public/css/styles.css - function toLocaleTimeString() { [native code] }"}
{"level":"error","message":"GET en /public/css/styles.css - function toLocaleTimeString() { [native code] }"}
{"level":"error","message":"GET en /public/css/styles.css - function toLocaleTimeString() { [native code] }"}
{"level":"error","message":"GET en /public/css/styles.css - function toLocaleTimeString() { [native code] }"}
{"level":"warning","message":"127.0.0.1 - there's no place like home"}
{"level":"error","message":"127.0.0.1 - there's no place like home"}
{"level":"error","message":"GET en /public/css/styles.css - function toLocaleTimeString() { [native code] }"}
{"level":"error","message":"GET en /public/css/styles.css - function toLocaleTimeString() { [native code] }"}
{"level":"error","message":"GET en /public/css/styles.css - function toLocaleTimeString() { [native code] }"}
{"level":"error","message":"GET en /public/css/styles.css - function toLocaleTimeString() { [native code] }"}
{"level":"error","message":"GET en /public/css/styles.css - function toLocaleTimeString() { [native code] }"}
{"level":"error","message":"GET en /public/css/styles.css - function toLocaleTimeString() { [native code] }"}
{"level":"error","message":"GET en /public/css/styles.css - function toLocaleTimeString() { [native code] }"}
{"level":"error","message":"GET en /public/css/styles.css - function toLocaleTimeString() { [native code] }"}
{"level":"error","message":"GET en /public/js/productCreator.js - function toLocaleTimeString() { [native code] }"}
{"level":"error","message":"GET en /public/css/styles.css - function toLocaleTimeString() { [native code] }"}
{"level":"error","message":"GET en /public/css/styles.css - function toLocaleTimeString() { [native code] }"}
{"level":"error","message":"GET en /public/js/productCreator.js - function toLocaleTimeString() { [native code] }"}
{"level":"error","message":"GET en /public/css/styles.css - function toLocaleTimeString() { [native code] }"}
{"level":"error","message":"GET en /public/js/productCreator.js - function toLocaleTimeString() { [native code] }"}
{"level":"error","message":"GET en /public/css/styles.css - function toLocaleTimeString() { [native code] }"}
{"level":"error","message":"GET en /public/js/productCreator.js - function toLocaleTimeString() { [native code] }"}
{"level":"error","message":"GET en /public/css/styles.css - function toLocaleTimeString() { [native code] }"}
{"level":"error","message":"GET en /public/js/productCreator.js - function toLocaleTimeString() { [native code] }"}
{"level":"error","message":"GET en /public/css/styles.css - function toLocaleTimeString() { [native code] }"}
{"level":"error","message":"GET en /public/js/productCreator.js - function toLocaleTimeString() { [native code] }"}
{"level":"error","message":"GET en /public/css/styles.css - function toLocaleTimeString() { [native code] }"}
{"level":"error","message":"GET en /public/js/productCreator.js - function toLocaleTimeString() { [native code] }"}
{"level":"error","message":"GET en /public/css/styles.css - function toLocaleTimeString() { [native code] }"}
{"level":"error","message":"GET en /public/css/styles.css - function toLocaleTimeString() { [native code] }"}
{"level":"error","message":"GET en /public/js/productCreator.js - function toLocaleTimeString() { [native code] }"}
{"level":"error","message":"GET en /public/css/styles.css - function toLocaleTimeString() { [native code] }"}
{"level":"error","message":"GET en /public/js/productCreator.js - function toLocaleTimeString() { [native code] }"}
{"level":"error","message":"GET en /public/js/login.js - function toLocaleTimeString() { [native code] }"}
{"level":"error","message":"GET en /public/css/styles.css - function toLocaleTimeString() { [native code] }"}
{"level":"error","message":"GET en /public/css/styles.css - function toLocaleTimeString() { [native code] }"}
{"level":"error","message":"GET en /public/css/styles.css - function toLocaleTimeString() { [native code] }"}
{"level":"error","message":"GET en /public/js/login.js - function toLocaleTimeString() { [native code] }"}
{"level":"error","message":"GET en /public/css/styles.css - function toLocaleTimeString() { [native code] }"}
{"level":"error","message":"GET en /public/js/login.js - function toLocaleTimeString() { [native code] }"}
{"level":"error","message":"GET en /public/css/styles.css - function toLocaleTimeString() { [native code] }"}
{"level":"error","message":"GET en /public/js/login.js - function toLocaleTimeString() { [native code] }"}
{"level":"warning","message":"127.0.0.1 - there's no place like home"}
{"level":"error","message":"127.0.0.1 - there's no place like home"}
{"level":"error","message":"GET en /public/css/styles.css - function toLocaleTimeString() { [native code] }"}
{"level":"error","message":"GET en /public/js/login.js - function toLocaleTimeString() { [native code] }"}
{"level":"error","message":"GET en /public/css/styles.css - function toLocaleTimeString() { [native code] }"}
{"level":"error","message":"GET en /public/js/login.js - function toLocaleTimeString() { [native code] }"}
{"level":"error","message":"GET en /public/css/styles.css - function toLocaleTimeString() { [native code] }"}
{"level":"error","message":"GET en /public/js/login.js - function toLocaleTimeString() { [native code] }"}
{"level":"error","message":"GET en /public/css/styles.css - function toLocaleTimeString() { [native code] }"}
{"level":"error","message":"GET en /public/js/productCreator.js - function toLocaleTimeString() { [native code] }"}
{"level":"error","message":"GET en /public/css/styles.css - function toLocaleTimeString() { [native code] }"}
{"level":"error","message":"GET en /public/css/styles.css - function toLocaleTimeString() { [native code] }"}
{"level":"error","message":"GET en /public/js/productCreator.js - function toLocaleTimeString() { [native code] }"}
{"level":"error","message":"GET en /public/css/styles.css - function toLocaleTimeString() { [native code] }"}
{"level":"error","message":"GET en /public/js/productCreator.js - function toLocaleTimeString() { [native code] }"}
{"level":"error","message":"GET en /public/css/styles.css - function toLocaleTimeString() { [native code] }"}
{"level":"error","message":"GET en /public/js/login.js - function toLocaleTimeString() { [native code] }"}
{"level":"error","message":"GET en /favicon.ico - function toLocaleTimeString() { [native code] }"}
{"level":"error","message":"GET en /public/css/styles.css - function toLocaleTimeString() { [native code] }"}
{"level":"error","message":"GET en /public/js/login.js - function toLocaleTimeString() { [native code] }"}
{"level":"error","message":"GET en /public/css/styles.css - function toLocaleTimeString() { [native code] }"}
{"level":"error","message":"GET en /public/js/productCreator.js - function toLocaleTimeString() { [native code] }"}
{"level":"error","message":"GET en /public/css/styles.css - function toLocaleTimeString() { [native code] }"}
{"level":"error","message":"GET en /public/css/styles.css - function toLocaleTimeString() { [native code] }"}
{"level":"error","message":"GET en /public/js/productCreator.js - function toLocaleTimeString() { [native code] }"}
{"level":"error","message":"GET en /socket.io/socket.io.js - function toLocaleTimeString() { [native code] }"}
{"level":"error","message":"GET en /public/css/styles.css - function toLocaleTimeString() { [native code] }"}
{"level":"error","message":"GET en /public/js/productCreator.js - function toLocaleTimeString() { [native code] }"}
{"level":"error","message":"GET en /public/css/styles.css - function toLocaleTimeString() { [native code] }"}
{"level":"error","message":"GET en /public/js/productCreator.js - function toLocaleTimeString() { [native code] }"}
{"level":"warning","message":"127.0.0.1 - there's no place like home"}
{"level":"error","message":"127.0.0.1 - there's no place like home"}
{"level":"error","message":"GET en /public/css/styles.css - function toLocaleTimeString() { [native code] }"}
{"level":"error","message":"GET en /public/js/login.js - function toLocaleTimeString() { [native code] }"}
{"level":"error","message":"GET en /favicon.ico - function toLocaleTimeString() { [native code] }"}
{"level":"error","message":"GET en /public/css/styles.css - function toLocaleTimeString() { [native code] }"}
{"level":"error","message":"GET en /public/js/login.js - function toLocaleTimeString() { [native code] }"}
{"level":"error","message":"GET en /public/css/styles.css - function toLocaleTimeString() { [native code] }"}
{"level":"error","message":"GET en /public/css/styles.css - function toLocaleTimeString() { [native code] }"}
{"level":"error","message":"GET en /public/js/login.js - function toLocaleTimeString() { [native code] }"}
{"level":"error","message":"GET en /public/css/styles.css - function toLocaleTimeString() { [native code] }"}
{"level":"error","message":"GET en /public/js/login.js - function toLocaleTimeString() { [native code] }"}
{"level":"warning","message":"127.0.0.1 - there's no place like home"}
{"level":"error","message":"127.0.0.1 - there's no place like home"}
{"level":"error","message":"GET en /public/css/styles.css - function toLocaleTimeString() { [native code] }"}
{"level":"error","message":"GET en /public/js/login.js - function toLocaleTimeString() { [native code] }"}
{"level":"error","message":"GET en /favicon.ico - function toLocaleTimeString() { [native code] }"}
{"level":"error","message":"GET en /public/css/styles.css - function toLocaleTimeString() { [native code] }"}
{"level":"error","message":"GET en /public/js/login.js - function toLocaleTimeString() { [native code] }"}
{"level":"error","message":"GET en /public/css/styles.css - function toLocaleTimeString() { [native code] }"}
{"level":"error","message":"GET en /public/css/styles.css - function toLocaleTimeString() { [native code] }"}
{"level":"error","message":"GET en /public/js/login.js - function toLocaleTimeString() { [native code] }"}
{"level":"warning","message":"127.0.0.1 - there's no place like home"}
{"level":"error","message":"127.0.0.1 - there's no place like home"}
{"level":"error","message":"GET en /public/css/styles.css - function toLocaleTimeString() { [native code] }"}
{"level":"error","message":"GET en /public/css/styles.css - function toLocaleTimeString() { [native code] }"}
{"level":"error","message":"GET en /public/js/productCreator.js - function toLocaleTimeString() { [native code] }"}
{"level":"error","message":"GET en /public/css/styles.css - function toLocaleTimeString() { [native code] }"}
{"level":"error","message":"GET en /public/js/productCreator.js - function toLocaleTimeString() { [native code] }"}
{"level":"error","message":"GET en /public/css/styles.css - function toLocaleTimeString() { [native code] }"}
{"level":"error","message":"GET en /public/css/styles.css - function toLocaleTimeString() { [native code] }"}
{"level":"error","message":"GET en /public/js/productCreator.js - function toLocaleTimeString() { [native code] }"}
{"level":"error","message":"GET en /login - function toLocaleTimeString() { [native code] }"}
{"level":"error","message":"GET en /public/css/styles.css - function toLocaleTimeString() { [native code] }"}
{"level":"error","message":"GET en /public/css/styles.css - function toLocaleTimeString() { [native code] }"}
{"level":"error","message":"GET en /public/css/styles.css - function toLocaleTimeString() { [native code] }"}
{"level":"warning","message":"127.0.0.1 - there's no place like home"}
{"level":"error","message":"127.0.0.1 - there's no place like home"}
{"level":"error","message":"GET en /public/css/styles.css - function toLocaleTimeString() { [native code] }"}
{"level":"error","message":"GET en /favicon.ico - function toLocaleTimeString() { [native code] }"}
{"level":"error","message":"GET en /public/css/styles.css - function toLocaleTimeString() { [native code] }"}
{"level":"error","message":"GET en /public/css/styles.css - function toLocaleTimeString() { [native code] }"}
{"level":"error","message":"GET en /public/css/styles.css - function toLocaleTimeString() { [native code] }"}
{"level":"error","message":"GET en /public/css/styles.css - function toLocaleTimeString() { [native code] }"}
